<!DOCTYPE html PUBLIC "-//W3C//DTD XHTML 1.1//EN" "http://www.w3.org/TR/xhtml11/DTD/xhtml11.dtd">
<html xmlns="http://www.w3.org/1999/xhtml"><head><title>TestNG Report</title><style type="text/css">table {margin-bottom:10px;border-collapse:collapse;empty-cells:show}th,td {border:1px solid #009;padding:.25em .5em}th {vertical-align:bottom}td {vertical-align:top}table a {font-weight:bold}.stripe td {background-color: #E6EBF9}.num {text-align:right}.passedodd td {background-color: #3F3}.passedeven td {background-color: #0A0}.skippedodd td {background-color: #DDD}.skippedeven td {background-color: #CCC}.failedodd td,.attn {background-color: #F33}.failedeven td,.stripe .attn {background-color: #D00}.stacktrace {white-space:pre;font-family:monospace}.totop {font-size:85%;text-align:center;border-bottom:2px solid #000}</style></head><body><table><tr><th>Test</th><th># Passed</th><th># Skipped</th><th># Failed</th><th>Time (ms)</th><th>Included Groups</th><th>Excluded Groups</th></tr><tr><th colspan="7">Mavenspringmvc</th></tr><tr><td><a href="#t0">testlogin</a></td><td class="num">0</td><td class="num attn">2</td><td class="num">0</td><td class="num">50</td><td></td><td></td></tr><tr class="stripe"><td><a href="#t1">testregistration</a></td><td class="num">0</td><td class="num attn">2</td><td class="num">0</td><td class="num">15</td><td></td><td></td></tr><tr><th>Total</th><th class="num">0</th><th class="num attn">4</th><th class="num">0</th><th class="num">65</th><th colspan="2"></th></tr></table><table id='summary'><thead><tr><th>Class</th><th>Method</th><th>Start</th><th>Time (ms)</th></tr></thead><tbody><tr><th colspan="4">Mavenspringmvc</th></tr></tbody><tbody id="t0"><tr><th colspan="4">testlogin &#8212; failed (configuration methods)</th></tr><tr class="failedeven"><td rowspan="1">com.htc.test.LoginAutomation</td><td><a href="#m0">initializeDriver</a></td><td rowspan="1">1507632565522</td><td rowspan="1">24</td></tr><tr><th colspan="4">testlogin &#8212; skipped (configuration methods)</th></tr><tr class="skippedeven"><td rowspan="1">com.htc.test.LoginAutomation</td><td><a href="#m1">closedriver</a></td><td rowspan="1">1507632565555</td><td rowspan="1">0</td></tr><tr><th colspan="4">testlogin &#8212; skipped</th></tr><tr class="skippedeven"><td rowspan="2">com.htc.test.LoginAutomation</td><td><a href="#m2">testSuccessLoginLogout</a></td><td rowspan="2">1507632565555</td><td rowspan="2">0</td></tr><tr class="skippedeven"><td><a href="#m3">testSuccessLoginLogout</a></td></tr></tbody><tbody id="t1"><tr><th colspan="4">testregistration &#8212; failed (configuration methods)</th></tr><tr class="failedeven"><td rowspan="1">com.htc.test.RegisterAutomation</td><td><a href="#m4">initializeDriver</a></td><td rowspan="1">1507632565622</td><td rowspan="1">0</td></tr><tr><th colspan="4">testregistration &#8212; skipped (configuration methods)</th></tr><tr class="skippedeven"><td rowspan="1">com.htc.test.RegisterAutomation</td><td><a href="#m5">closedriver</a></td><td rowspan="1">1507632565637</td><td rowspan="1">0</td></tr><tr><th colspan="4">testregistration &#8212; skipped</th></tr><tr class="skippedeven"><td rowspan="2">com.htc.test.RegisterAutomation</td><td><a href="#m6">testSuccessLoginLogout</a></td><td rowspan="2">1507632565637</td><td rowspan="2">0</td></tr><tr class="skippedeven"><td><a href="#m7">testSuccessLoginLogout</a></td></tr></tbody></table><h2>testlogin</h2><h3 id="m0">com.htc.test.LoginAutomation#initializeDriver</h3><table class="result"><tr><th>Exception</th></tr><tr><td><div class="stacktrace">java.lang.IllegalStateException: The driver executable does not exist: D:\IMPC0989_D\MavenTest\MavenSrpingMVC_Selenium\chromedriver.exe
	at com.google.common.base.Preconditions.checkState(Preconditions.java:199)
	at org.openqa.selenium.remote.service.DriverService.checkExecutable(DriverService.java:121)
	at org.openqa.selenium.remote.service.DriverService.findExecutable(DriverService.java:116)
	at org.openqa.selenium.chrome.ChromeDriverService.access$000(ChromeDriverService.java:32)
	at org.openqa.selenium.chrome.ChromeDriverService$Builder.findDefaultExecutable(ChromeDriverService.java:137)
	at org.openqa.selenium.remote.service.DriverService$Builder.build(DriverService.java:296)
	at org.openqa.selenium.chrome.ChromeDriverService.createDefaultService(ChromeDriverService.java:88)
	at org.openqa.selenium.chrome.ChromeDriver.&lt;init&gt;(ChromeDriver.java:120)
	at com.htc.test.LoginAutomation.initializeDriver(LoginAutomation.java:32)
... Removed 24 stack frames</div></td></tr></table><p class="totop"><a href="#summary">back to summary</a></p><h3 id="m1">com.htc.test.LoginAutomation#closedriver</h3><table class="result"></table><p class="totop"><a href="#summary">back to summary</a></p><h3 id="m2">com.htc.test.LoginAutomation#testSuccessLoginLogout</h3><table class="result"><tr><th>Exception</th></tr><tr><td><div class="stacktrace">java.lang.IllegalStateException: The driver executable does not exist: D:\IMPC0989_D\MavenTest\MavenSrpingMVC_Selenium\chromedriver.exe
	at com.google.common.base.Preconditions.checkState(Preconditions.java:199)
	at org.openqa.selenium.remote.service.DriverService.checkExecutable(DriverService.java:121)
	at org.openqa.selenium.remote.service.DriverService.findExecutable(DriverService.java:116)
	at org.openqa.selenium.chrome.ChromeDriverService.access$000(ChromeDriverService.java:32)
	at org.openqa.selenium.chrome.ChromeDriverService$Builder.findDefaultExecutable(ChromeDriverService.java:137)
	at org.openqa.selenium.remote.service.DriverService$Builder.build(DriverService.java:296)
	at org.openqa.selenium.chrome.ChromeDriverService.createDefaultService(ChromeDriverService.java:88)
	at org.openqa.selenium.chrome.ChromeDriver.&lt;init&gt;(ChromeDriver.java:120)
	at com.htc.test.LoginAutomation.initializeDriver(LoginAutomation.java:32)
... Removed 24 stack frames</div></td></tr></table><p class="totop"><a href="#summary">back to summary</a></p><h3 id="m3">com.htc.test.LoginAutomation#testSuccessLoginLogout</h3><table class="result"><tr><th>Exception</th></tr><tr><td><div class="stacktrace">java.lang.IllegalStateException: The driver executable does not exist: D:\IMPC0989_D\MavenTest\MavenSrpingMVC_Selenium\chromedriver.exe
	at com.google.common.base.Preconditions.checkState(Preconditions.java:199)
	at org.openqa.selenium.remote.service.DriverService.checkExecutable(DriverService.java:121)
	at org.openqa.selenium.remote.service.DriverService.findExecutable(DriverService.java:116)
	at org.openqa.selenium.chrome.ChromeDriverService.access$000(ChromeDriverService.java:32)
	at org.openqa.selenium.chrome.ChromeDriverService$Builder.findDefaultExecutable(ChromeDriverService.java:137)
	at org.openqa.selenium.remote.service.DriverService$Builder.build(DriverService.java:296)
	at org.openqa.selenium.chrome.ChromeDriverService.createDefaultService(ChromeDriverService.java:88)
	at org.openqa.selenium.chrome.ChromeDriver.&lt;init&gt;(ChromeDriver.java:120)
	at com.htc.test.LoginAutomation.initializeDriver(LoginAutomation.java:32)
... Removed 24 stack frames</div></td></tr></table><p class="totop"><a href="#summary">back to summary</a></p><h2>testregistration</h2><h3 id="m4">com.htc.test.RegisterAutomation#initializeDriver</h3><table class="result"><tr><th>Exception</th></tr><tr><td><div class="stacktrace">java.lang.IllegalStateException: The driver executable does not exist: D:\IMPC0989_D\MavenTest\MavenSrpingMVC_Selenium\chromedriver.exe
	at com.google.common.base.Preconditions.checkState(Preconditions.java:199)
	at org.openqa.selenium.remote.service.DriverService.checkExecutable(DriverService.java:121)
	at org.openqa.selenium.remote.service.DriverService.findExecutable(DriverService.java:116)
	at org.openqa.selenium.chrome.ChromeDriverService.access$000(ChromeDriverService.java:32)
	at org.openqa.selenium.chrome.ChromeDriverService$Builder.findDefaultExecutable(ChromeDriverService.java:137)
	at org.openqa.selenium.remote.service.DriverService$Builder.build(DriverService.java:296)
	at org.openqa.selenium.chrome.ChromeDriverService.createDefaultService(ChromeDriverService.java:88)
	at org.openqa.selenium.chrome.ChromeDriver.&lt;init&gt;(ChromeDriver.java:120)
	at com.htc.test.RegisterAutomation.initializeDriver(RegisterAutomation.java:32)
... Removed 24 stack frames</div></td></tr></table><p class="totop"><a href="#summary">back to summary</a></p><h3 id="m5">com.htc.test.RegisterAutomation#closedriver</h3><table class="result"></table><p class="totop"><a href="#summary">back to summary</a></p><h3 id="m6">com.htc.test.RegisterAutomation#testSuccessLoginLogout</h3><table class="result"><tr><th>Exception</th></tr><tr><td><div class="stacktrace">java.lang.IllegalStateException: The driver executable does not exist: D:\IMPC0989_D\MavenTest\MavenSrpingMVC_Selenium\chromedriver.exe
	at com.google.common.base.Preconditions.checkState(Preconditions.java:199)
	at org.openqa.selenium.remote.service.DriverService.checkExecutable(DriverService.java:121)
	at org.openqa.selenium.remote.service.DriverService.findExecutable(DriverService.java:116)
	at org.openqa.selenium.chrome.ChromeDriverService.access$000(ChromeDriverService.java:32)
	at org.openqa.selenium.chrome.ChromeDriverService$Builder.findDefaultExecutable(ChromeDriverService.java:137)
	at org.openqa.selenium.remote.service.DriverService$Builder.build(DriverService.java:296)
	at org.openqa.selenium.chrome.ChromeDriverService.createDefaultService(ChromeDriverService.java:88)
	at org.openqa.selenium.chrome.ChromeDriver.&lt;init&gt;(ChromeDriver.java:120)
	at com.htc.test.RegisterAutomation.initializeDriver(RegisterAutomation.java:32)
... Removed 24 stack frames</div></td></tr></table><p class="totop"><a href="#summary">back to summary</a></p><h3 id="m7">com.htc.test.RegisterAutomation#testSuccessLoginLogout</h3><table class="result"><tr><th>Exception</th></tr><tr><td><div class="stacktrace">java.lang.IllegalStateException: The driver executable does not exist: D:\IMPC0989_D\MavenTest\MavenSrpingMVC_Selenium\chromedriver.exe
	at com.google.common.base.Preconditions.checkState(Preconditions.java:199)
	at org.openqa.selenium.remote.service.DriverService.checkExecutable(DriverService.java:121)
	at org.openqa.selenium.remote.service.DriverService.findExecutable(DriverService.java:116)
	at org.openqa.selenium.chrome.ChromeDriverService.access$000(ChromeDriverService.java:32)
	at org.openqa.selenium.chrome.ChromeDriverService$Builder.findDefaultExecutable(ChromeDriverService.java:137)
	at org.openqa.selenium.remote.service.DriverService$Builder.build(DriverService.java:296)
	at org.openqa.selenium.chrome.ChromeDriverService.createDefaultService(ChromeDriverService.java:88)
	at org.openqa.selenium.chrome.ChromeDriver.&lt;init&gt;(ChromeDriver.java:120)
	at com.htc.test.RegisterAutomation.initializeDriver(RegisterAutomation.java:32)
... Removed 24 stack frames</div></td></tr></table><p class="totop"><a href="#summary">back to summary</a></p></body></html>